mode: set
crypto-api/internal/engine/bitcoin/trend/buffer.go:11.37,16.2 1 0
crypto-api/internal/engine/bitcoin/trend/buffer.go:18.44,24.26 4 0
crypto-api/internal/engine/bitcoin/trend/buffer.go:24.26,27.3 2 0
crypto-api/internal/engine/bitcoin/trend/buffer.go:29.2,29.35 1 0
crypto-api/internal/engine/bitcoin/trend/buffer.go:29.35,31.3 1 0
crypto-api/internal/engine/bitcoin/trend/buffer.go:33.2,35.13 2 0
crypto-api/internal/engine/bitcoin/trend/buffer.go:38.35,45.2 5 0
crypto-api/internal/engine/bitcoin/trend/compute.go:3.44,4.20 1 1
crypto-api/internal/engine/bitcoin/trend/compute.go:4.20,6.3 1 0
crypto-api/internal/engine/bitcoin/trend/compute.go:8.2,15.9 5 1
crypto-api/internal/engine/bitcoin/trend/compute.go:16.22,17.24 1 1
crypto-api/internal/engine/bitcoin/trend/compute.go:18.23,19.24 1 1
crypto-api/internal/engine/bitcoin/trend/compute.go:20.10,21.21 1 1
crypto-api/internal/engine/bitcoin/halving/compute.go:8.60,30.2 10 1
crypto-api/internal/filters/protocols.go:5.116,6.35 1 1
crypto-api/internal/filters/protocols.go:6.35,8.3 1 1
crypto-api/internal/filters/protocols.go:10.2,11.30 2 1
crypto-api/internal/filters/protocols.go:11.30,12.38 1 1
crypto-api/internal/filters/protocols.go:12.38,13.12 1 1
crypto-api/internal/filters/protocols.go:15.3,15.47 1 1
crypto-api/internal/filters/protocols.go:15.47,16.12 1 1
crypto-api/internal/filters/protocols.go:18.3,18.33 1 1
crypto-api/internal/filters/protocols.go:20.2,20.17 1 1
crypto-api/internal/cache/memory.go:18.36,22.2 1 0
crypto-api/internal/cache/memory.go:24.51,29.45 4 0
crypto-api/internal/cache/memory.go:29.45,31.3 1 0
crypto-api/internal/cache/memory.go:33.2,33.25 1 0
crypto-api/internal/cache/memory.go:36.69,43.2 3 0
crypto-api/main.go:13.13,37.16 19 0
crypto-api/main.go:37.16,39.3 1 0
crypto-api/main.go:41.2,42.51 2 0
crypto-api/internal/middleware/logging.go:14.48,17.2 2 0
crypto-api/internal/middleware/logging.go:19.46,20.71 1 0
crypto-api/internal/middleware/logging.go:20.71,28.3 5 0
crypto-api/internal/sources/coingecko.go:14.49,26.16 6 1
crypto-api/internal/sources/coingecko.go:26.16,28.3 1 0
crypto-api/internal/sources/coingecko.go:30.2,31.16 2 1
crypto-api/internal/sources/coingecko.go:31.16,34.17 2 1
crypto-api/internal/sources/coingecko.go:34.17,36.4 1 1
crypto-api/internal/sources/coingecko.go:38.2,40.38 2 1
crypto-api/internal/sources/coingecko.go:40.38,42.3 1 0
crypto-api/internal/sources/coingecko.go:44.2,45.65 2 1
crypto-api/internal/sources/coingecko.go:45.65,47.3 1 0
crypto-api/internal/sources/coingecko.go:49.2,50.9 2 1
crypto-api/internal/sources/coingecko.go:50.9,52.3 1 0
crypto-api/internal/sources/coingecko.go:54.2,54.19 1 1
crypto-api/internal/sources/defillama.go:16.44,21.16 4 0
crypto-api/internal/sources/defillama.go:21.16,23.3 1 0
crypto-api/internal/sources/defillama.go:25.2,26.16 2 0
crypto-api/internal/sources/defillama.go:26.16,29.17 2 0
crypto-api/internal/sources/defillama.go:29.17,31.4 1 0
crypto-api/internal/sources/defillama.go:33.2,35.38 2 0
crypto-api/internal/sources/defillama.go:35.38,37.3 1 0
crypto-api/internal/sources/defillama.go:39.2,40.67 2 0
crypto-api/internal/sources/defillama.go:40.67,42.3 1 0
crypto-api/internal/sources/defillama.go:44.2,44.20 1 0
crypto-api/internal/sources/defillama_protocols.go:18.50,23.16 4 0
crypto-api/internal/sources/defillama_protocols.go:23.16,25.3 1 0
crypto-api/internal/sources/defillama_protocols.go:27.2,28.16 2 0
crypto-api/internal/sources/defillama_protocols.go:28.16,31.17 2 0
crypto-api/internal/sources/defillama_protocols.go:31.17,33.4 1 0
crypto-api/internal/sources/defillama_protocols.go:35.2,37.38 2 0
crypto-api/internal/sources/defillama_protocols.go:37.38,39.3 1 0
crypto-api/internal/sources/defillama_protocols.go:41.2,42.70 2 0
crypto-api/internal/sources/defillama_protocols.go:42.70,44.3 1 0
crypto-api/internal/sources/defillama_protocols.go:46.2,46.23 1 0
crypto-api/internal/sources/mempool.go:22.45,29.16 4 0
crypto-api/internal/sources/mempool.go:29.16,31.3 1 0
crypto-api/internal/sources/mempool.go:33.2,34.16 2 0
crypto-api/internal/sources/mempool.go:34.16,36.3 1 0
crypto-api/internal/sources/mempool.go:37.2,39.38 2 0
crypto-api/internal/sources/mempool.go:39.38,41.3 1 0
crypto-api/internal/sources/mempool.go:43.2,44.65 2 0
crypto-api/internal/sources/mempool.go:44.65,46.3 1 0
crypto-api/internal/sources/mempool.go:48.2,48.19 1 0
crypto-api/internal/sources/mempool.go:51.49,61.16 4 0
crypto-api/internal/sources/mempool.go:61.16,63.3 1 0
crypto-api/internal/sources/mempool.go:65.2,66.16 2 0
crypto-api/internal/sources/mempool.go:66.16,68.3 1 0
crypto-api/internal/sources/mempool.go:69.2,71.38 2 0
crypto-api/internal/sources/mempool.go:71.38,73.3 1 0
crypto-api/internal/sources/mempool.go:75.2,76.66 2 0
crypto-api/internal/sources/mempool.go:76.66,78.3 1 0
crypto-api/internal/sources/mempool.go:80.2,80.20 1 0
crypto-api/internal/sources/mempool_network.go:33.3,38.16 4 0
crypto-api/internal/sources/mempool_network.go:38.16,40.3 1 0
crypto-api/internal/sources/mempool_network.go:42.2,43.16 2 0
crypto-api/internal/sources/mempool_network.go:43.16,45.3 1 0
crypto-api/internal/sources/mempool_network.go:47.2,48.16 2 0
crypto-api/internal/sources/mempool_network.go:48.16,50.3 1 0
crypto-api/internal/sources/mempool_network.go:52.2,52.8 1 0
crypto-api/internal/sources/mempool_network.go:55.64,62.16 2 0
crypto-api/internal/sources/mempool_network.go:62.16,64.3 1 0
crypto-api/internal/sources/mempool_network.go:66.2,67.16 2 0
crypto-api/internal/sources/mempool_network.go:67.16,69.3 1 0
crypto-api/internal/sources/mempool_network.go:70.2,72.38 2 0
crypto-api/internal/sources/mempool_network.go:72.38,74.3 1 0
crypto-api/internal/sources/mempool_network.go:76.2,77.16 2 0
crypto-api/internal/sources/mempool_network.go:77.16,79.3 1 0
crypto-api/internal/sources/mempool_network.go:81.2,86.16 2 0
crypto-api/internal/sources/mempool_network.go:86.16,88.3 1 0
crypto-api/internal/sources/mempool_network.go:90.2,90.20 1 0
crypto-api/internal/sources/mempool_network.go:93.102,100.16 2 0
crypto-api/internal/sources/mempool_network.go:100.16,102.3 1 0
crypto-api/internal/sources/mempool_network.go:104.2,105.16 2 0
crypto-api/internal/sources/mempool_network.go:105.16,108.3 2 0
crypto-api/internal/sources/mempool_network.go:109.2,111.38 2 0
crypto-api/internal/sources/mempool_network.go:111.38,114.3 2 0
crypto-api/internal/sources/mempool_network.go:116.2,117.66 2 0
crypto-api/internal/sources/mempool_network.go:117.66,119.3 1 0
crypto-api/internal/sources/mempool_network.go:121.2,121.32 1 0
crypto-api/internal/sources/mempool_network.go:121.32,124.3 2 0
crypto-api/internal/sources/mempool_network.go:126.2,131.8 4 0
crypto-api/internal/sources/mempool_network.go:134.67,141.16 2 0
crypto-api/internal/sources/mempool_network.go:141.16,143.3 1 0
crypto-api/internal/sources/mempool_network.go:145.2,146.16 2 0
crypto-api/internal/sources/mempool_network.go:146.16,148.3 1 0
crypto-api/internal/sources/mempool_network.go:149.2,151.38 2 0
crypto-api/internal/sources/mempool_network.go:151.38,153.3 1 0
crypto-api/internal/sources/mempool_network.go:155.2,156.67 2 0
crypto-api/internal/sources/mempool_network.go:156.67,158.3 1 0
crypto-api/internal/sources/mempool_network.go:160.2,160.21 1 0
crypto-api/internal/sources/mempool_network.go:160.21,162.3 1 0
crypto-api/internal/sources/mempool_network.go:164.2,166.29 3 0
crypto-api/internal/sources/mempool_network.go:166.29,168.3 1 0
crypto-api/internal/sources/mempool_network.go:170.2,170.34 1 0
crypto-api/internal/httpx/bitcoin_fees.go:12.64,13.54 1 1
crypto-api/internal/httpx/bitcoin_fees.go:13.54,17.38 2 1
crypto-api/internal/httpx/bitcoin_fees.go:17.38,22.4 4 1
crypto-api/internal/httpx/bitcoin_fees.go:24.3,25.17 2 0
crypto-api/internal/httpx/bitcoin_fees.go:25.17,29.4 3 0
crypto-api/internal/httpx/bitcoin_fees.go:31.3,42.34 3 0
crypto-api/internal/httpx/bitcoin_mempool.go:12.70,13.54 1 1
crypto-api/internal/httpx/bitcoin_mempool.go:13.54,16.49 2 1
crypto-api/internal/httpx/bitcoin_mempool.go:16.49,21.4 4 0
crypto-api/internal/httpx/bitcoin_mempool.go:23.3,24.17 2 1
crypto-api/internal/httpx/bitcoin_mempool.go:24.17,28.4 3 0
crypto-api/internal/httpx/bitcoin_mempool.go:30.3,42.34 3 1
crypto-api/internal/httpx/bitcoin_network.go:16.67,17.54 1 1
crypto-api/internal/httpx/bitcoin_network.go:17.54,20.41 2 1
crypto-api/internal/httpx/bitcoin_network.go:20.41,25.4 4 1
crypto-api/internal/httpx/bitcoin_network.go:27.3,29.17 2 0
crypto-api/internal/httpx/bitcoin_network.go:29.17,33.4 3 0
crypto-api/internal/httpx/bitcoin_network.go:35.3,61.34 7 0
crypto-api/internal/httpx/chains.go:13.69,14.54 1 1
crypto-api/internal/httpx/chains.go:14.54,17.47 2 1
crypto-api/internal/httpx/chains.go:17.47,22.4 4 0
crypto-api/internal/httpx/chains.go:24.3,25.17 2 1
crypto-api/internal/httpx/chains.go:25.17,29.4 3 0
crypto-api/internal/httpx/chains.go:31.3,32.32 2 1
crypto-api/internal/httpx/chains.go:32.32,38.4 1 1
crypto-api/internal/httpx/chains.go:40.3,49.34 3 1
crypto-api/internal/httpx/errors.go:16.36,17.16 1 1
crypto-api/internal/httpx/errors.go:17.16,19.3 1 0
crypto-api/internal/httpx/errors.go:21.2,21.9 1 1
crypto-api/internal/httpx/errors.go:22.50,23.83 1 0
crypto-api/internal/httpx/errors.go:25.52,26.77 1 0
crypto-api/internal/httpx/errors.go:28.56,29.72 1 1
crypto-api/internal/httpx/errors.go:30.10,31.86 1 0
crypto-api/internal/httpx/health.go:5.60,9.2 3 1
crypto-api/internal/httpx/price.go:14.67,15.54 1 1
crypto-api/internal/httpx/price.go:15.54,17.18 2 1
crypto-api/internal/httpx/price.go:17.18,20.4 2 1
crypto-api/internal/httpx/price.go:21.3,23.46 2 1
crypto-api/internal/httpx/price.go:23.46,28.4 4 1
crypto-api/internal/httpx/price.go:30.3,31.17 2 1
crypto-api/internal/httpx/price.go:31.17,35.4 3 1
crypto-api/internal/httpx/price.go:37.3,47.34 3 0
crypto-api/internal/httpx/protocols.go:14.75,15.54 1 1
crypto-api/internal/httpx/protocols.go:15.54,23.50 5 1
crypto-api/internal/httpx/protocols.go:23.50,26.4 2 0
crypto-api/internal/httpx/protocols.go:26.9,28.18 2 1
crypto-api/internal/httpx/protocols.go:28.18,32.5 3 0
crypto-api/internal/httpx/protocols.go:34.4,35.34 2 1
crypto-api/internal/httpx/protocols.go:35.34,43.5 1 1
crypto-api/internal/httpx/protocols.go:45.4,53.50 2 1
crypto-api/internal/httpx/protocols.go:56.3,57.34 2 1
crypto-api/internal/httpx/respond.go:10.67,18.2 4 1
